0 info it worked if it ends with ok
1 verbose cli [ '/usr/bin/nodejs',
1 verbose cli   '/usr/bin/npm',
1 verbose cli   'install',
1 verbose cli   'ldapjs',
1 verbose cli   '--save' ]
2 info using npm@1.4.21
3 info using node@v0.10.25
4 warn package.json fs@0.0.2 No description
5 warn package.json fs@0.0.2 No repository field.
6 warn package.json fs@0.0.2 No README data
7 warn package.json http@0.0.0 No description
8 warn package.json http@0.0.0 No repository field.
9 warn package.json http@0.0.0 No README data
10 warn package.json formidable@1.0.11 No repository field.
11 verbose readDependencies using package.json deps
12 verbose cache add [ 'ldapjs', null ]
13 verbose cache add name=undefined spec="ldapjs" args=["ldapjs",null]
14 verbose parsed url { protocol: null,
14 verbose parsed url   slashes: null,
14 verbose parsed url   auth: null,
14 verbose parsed url   host: null,
14 verbose parsed url   port: null,
14 verbose parsed url   hostname: null,
14 verbose parsed url   hash: null,
14 verbose parsed url   search: null,
14 verbose parsed url   query: null,
14 verbose parsed url   pathname: 'ldapjs',
14 verbose parsed url   path: 'ldapjs',
14 verbose parsed url   href: 'ldapjs' }
15 silly lockFile c5b1bf36-ldapjs ldapjs
16 verbose lock ldapjs /root/.npm/c5b1bf36-ldapjs.lock
17 silly lockFile c5b1bf36-ldapjs ldapjs
18 silly lockFile c5b1bf36-ldapjs ldapjs
19 verbose addNamed [ 'ldapjs', '' ]
20 verbose addNamed [ null, '*' ]
21 silly lockFile 8c1a39b8-ldapjs ldapjs@
22 verbose lock ldapjs@ /root/.npm/8c1a39b8-ldapjs.lock
23 silly addNameRange { name: 'ldapjs', range: '*', hasData: false }
24 verbose request where is /ldapjs
25 verbose request registry http://registry.npmjs.org/
26 verbose request id bff4076da515b098
27 verbose url raw /ldapjs
28 verbose url resolving [ 'http://registry.npmjs.org/', './ldapjs' ]
29 verbose url resolved http://registry.npmjs.org/ldapjs
30 verbose request where is http://registry.npmjs.org/ldapjs
31 info trying registry request attempt 1 at 21:17:24
32 http GET http://registry.npmjs.org/ldapjs
33 info retry will retry, error on last attempt: Error: connect ECONNREFUSED
34 info trying registry request attempt 2 at 21:17:55
35 http GET http://registry.npmjs.org/ldapjs
36 info retry will retry, error on last attempt: Error: connect ECONNREFUSED
37 info trying registry request attempt 3 at 21:19:16
38 http GET http://registry.npmjs.org/ldapjs
39 silly lockFile 8c1a39b8-ldapjs ldapjs@
40 silly lockFile 8c1a39b8-ldapjs ldapjs@
41 error Error: connect ECONNREFUSED
41 error     at errnoException (net.js:901:11)
41 error     at Object.afterConnect [as oncomplete] (net.js:892:19)
41 error  { [Error: connect ECONNREFUSED]
41 error   code: 'ECONNREFUSED',
41 error   errno: 'ECONNREFUSED',
41 error   syscall: 'connect',
41 error   parent: 'pdf_viewer' }
42 error If you are behind a proxy, please make sure that the
42 error 'proxy' config is set properly.  See: 'npm help config'
43 error System Linux 3.19.0-22-generic
44 error command "/usr/bin/nodejs" "/usr/bin/npm" "install" "ldapjs" "--save"
45 error cwd /root/pso-ops-tools/oakes/pdf_viewer
46 error node -v v0.10.25
47 error npm -v 1.4.21
48 error syscall connect
49 error code ECONNREFUSED
50 error errno ECONNREFUSED
51 error stack Error: connect ECONNREFUSED
51 error stack     at errnoException (net.js:901:11)
51 error stack     at Object.afterConnect [as oncomplete] (net.js:892:19)
52 verbose exit [ 1, true ]
